<?xml version="1.0" encoding="UTF-8"?>
<!-- Generated by org.testng.reporters.JUnitReportReporter -->
<testsuite hostname="DESKTOP-U29QHIT" failures="0" tests="1" name="module_4.DragAndDrop" time="38.056" errors="0" timestamp="2023-01-02T23:28:37 WAT" skipped="0">
  <testcase classname="module_4.DragAndDrop" name="dragAndDrop" time="38.056"/>
  <system-out/>
</testsuite> <!-- module_4.DragAndDrop -->
