<?xml version="1.0" encoding="UTF-8"?>
<!-- Generated by org.testng.reporters.JUnitReportReporter -->
<testsuite hostname="DESKTOP-U29QHIT" failures="0" tests="1" name="module_4.IFrameDemo" time="17.325" errors="0" timestamp="2023-01-01T22:30:11 WAT" skipped="0">
  <testcase classname="module_4.IFrameDemo" name="frame" time="17.325"/>
  <system-out/>
</testsuite> <!-- module_4.IFrameDemo -->
