<?xml version="1.0" encoding="UTF-8"?>
<!-- Generated by org.testng.reporters.JUnitReportReporter -->
<testsuite hostname="DESKTOP-U29QHIT" failures="0" tests="1" name="herokuapp.TC_001_ValidLogin" time="9.334" errors="0" timestamp="2023-01-26T11:37:23 WAT" skipped="0">
  <testcase classname="herokuapp.TC_001_ValidLogin" name="Validlogin" time="9.334"/>
  <system-out/>
</testsuite> <!-- herokuapp.TC_001_ValidLogin -->
