<?xml version="1.0" encoding="UTF-8"?>
<!-- Generated by org.testng.reporters.JUnitReportReporter -->
<testsuite hostname="DESKTOP-U29QHIT" failures="0" tests="1" name="regressionTestCases.TestCase_001_Login" time="13.021" errors="0" timestamp="2022-12-25T19:12:37 WAT" skipped="0">
  <testcase classname="regressionTestCases.TestCase_001_Login" name="login_001" time="13.021"/>
  <system-out/>
</testsuite> <!-- regressionTestCases.TestCase_001_Login -->
