<?xml version="1.0" encoding="UTF-8"?>
<!-- Generated by org.testng.reporters.JUnitReportReporter -->
<testsuite hostname="DESKTOP-U29QHIT" failures="0" tests="1" name="module_4.VerticalScrollDemo" time="23.648" errors="0" timestamp="2023-01-01T22:30:11 WAT" skipped="0">
  <testcase classname="module_4.VerticalScrollDemo" name="scroll" time="23.648"/>
  <system-out/>
</testsuite> <!-- module_4.VerticalScrollDemo -->
