<?xml version="1.0" encoding="UTF-8"?>
<!-- Generated by org.testng.reporters.JUnitReportReporter -->
<testsuite hostname="DESKTOP-U29QHIT" failures="0" tests="1" name="herokuapp.TC_002_VerifyInvalidLogin" time="6.589" errors="0" timestamp="2023-01-26T11:38:06 WAT" skipped="0">
  <testcase classname="herokuapp.TC_002_VerifyInvalidLogin" name="Invalidlogin" time="6.589"/>
  <system-out/>
</testsuite> <!-- herokuapp.TC_002_VerifyInvalidLogin -->
