<?xml version="1.0" encoding="UTF-8"?>
<!-- Generated by org.testng.reporters.JUnitReportReporter -->
<testsuite hostname="DESKTOP-U29QHIT" failures="0" tests="1" name="module_4.First_Hands_on_Practice" time="12.724" errors="0" timestamp="2022-12-25T23:06:03 WAT" skipped="0">
  <testcase classname="module_4.First_Hands_on_Practice" name="test1" time="12.724"/>
  <system-out/>
</testsuite> <!-- module_4.First_Hands_on_Practice -->
