<?xml version="1.0" encoding="UTF-8"?>
<!-- Generated by org.testng.reporters.JUnitReportReporter -->
<testsuite hostname="DESKTOP-U29QHIT" failures="0" tests="1" name="module_4.TakeScreenShot" time="8.175" errors="0" timestamp="2023-01-02T23:04:43 WAT" skipped="0">
  <testcase classname="module_4.TakeScreenShot" name="screenShot" time="8.175"/>
  <system-out/>
</testsuite> <!-- module_4.TakeScreenShot -->
